Arguments: 
  /usr/local/Cellar/node/9.11.1/bin/node /usr/local/bin/yarnpkg

PATH: 
  /Users/pelagia-sykoudi/hello-world/node_modules/.bin:/Users/pelagia-sykoudi/node_modules/.bin:/Users/node_modules/.bin:/node_modules/.bin:/usr/local/Cellar/node/9.11.1/bin:/Users/pelagia-sykoudi/.npm-global/bin:/Users/pelagia-sykoudi/.npm-packages/bin:/usr/local/bin:/usr/bin:/bin:/usr/sbin:/sbin:/opt/X11/bin:/usr/local/go/bin

Yarn version: 
  1.3.2

Node version: 
  9.11.1

Platform: 
  darwin x64

npm manifest: 
  {
    "name": "gatsby-starter-hello-world",
    "description": "Gatsby hello world starter",
    "license": "MIT",
    "scripts": {
      "develop": "gatsby develop",
      "build": "gatsby build",
      "serve": "gatsby serve"
    },
    "dependencies": {
      "gatsby": "^2.0.0",
      "react": "^16.5.1",
      "react-dom": "^16.5.1"
    }
  }

yarn manifest: 
  No manifest

Lockfile: 
  No lockfile

Trace: 
  Error: getaddrinfo ENOTFOUND artifactory-ehv.ta.philips.com artifactory-ehv.ta.philips.com:8082
      at GetAddrInfoReqWrap.onlookup [as oncomplete] (dns.js:67:26)
